<?xml version="1.0" encoding="UTF-8"?>
<testsuite xmlns:xsi="http://www.w3.org/2001/XMLSchema-instance" xsi:noNamespaceSchemaLocation="https://maven.apache.org/surefire/maven-surefire-plugin/xsd/surefire-test-report-3.0.xsd" version="3.0" name="com.merchtyl.logging.LoggingInfrastructureTest" time="0.03" tests="9" errors="0" skipped="0" failures="0">
  <properties>
[...]
</properties>
  <testcase name="createsCorrelationIdAndCleansMdc" classname="com.merchtyl.logging.LoggingInfrastructureTest" time="0.004">
    <system-out><![CDATA[2026-08-24 12:11:04.484 INFO  [corr=] [req=] [tenant=] [store=] [user=] [userId=] [method=] [uri=] [main] o.s.mock.web.MockServletContext - Initializing Spring TestDispatcherServlet ''
2026-08-24 12:11:04.484 INFO  [corr=] [req=] [tenant=] [store=] [user=] [userId=] [method=] [uri=] [main] o.s.t.w.s.TestDispatcherServlet - Initializing Servlet ''
2026-08-24 12:11:04.484 INFO  [corr=] [req=] [tenant=] [store=] [user=] [userId=] [method=] [uri=] [main] o.s.t.w.s.TestDispatcherServlet - Completed initialization in 0 ms
2026-08-24 12:11:04.485 INFO  [corr=68e06e05-e7f4-4a7a-b05f-c9d0715842c7] [req=4bdd02d2-f8c5-495d-9f42-39f8414b02e1] [tenant=] [store=] [user=] [userId=] [method=GET] [uri=/logging/ok] [main] c.m.p.web.RequestLoggingFilter - http_request_started method=GET uri=/logging/ok query_params= client_ip=127.0.0.1 user_agent=null authenticated_user= tenant= store= execution_start=2026-08-24T15:11:04.485253Z headers={}
2026-08-24 12:11:04.485 INFO  [corr=68e06e05-e7f4-4a7a-b05f-c9d0715842c7] [req=4bdd02d2-f8c5-495d-9f42-39f8414b02e1] [tenant=] [store=] [user=] [userId=] [method=GET] [uri=/logging/ok] [main] c.m.p.web.RequestLoggingFilter - http_response_completed status=200 duration_ms=0 response_size=2 controller=TestController.ok uri=/logging/ok correlation_id=68e06e05-e7f4-4a7a-b05f-c9d0715842c7
]]></system-out>
  </testcase>
  <testcase name="logsRequestResponseMasksSensitiveDataAndMarksSlowRequests(CapturedOutput)" classname="com.merchtyl.logging.LoggingInfrastructureTest" time="0.01">
    <system-out><![CDATA[2026-08-24 12:11:04.487 INFO  [corr=] [req=] [tenant=] [store=] [user=] [userId=] [method=] [uri=] [main] o.s.mock.web.MockServletContext - Initializing Spring TestDispatcherServlet ''
2026-08-24 12:11:04.487 INFO  [corr=] [req=] [tenant=] [store=] [user=] [userId=] [method=] [uri=] [main] o.s.t.w.s.TestDispatcherServlet - Initializing Servlet ''
2026-08-24 12:11:04.487 INFO  [corr=] [req=] [tenant=] [store=] [user=] [userId=] [method=] [uri=] [main] o.s.t.w.s.TestDispatcherServlet - Completed initialization in 0 ms
2026-08-24 12:11:04.488 INFO  [corr=8fd885ee-849b-4aba-aab2-c4ec3cd38fed] [req=f6436e46-be53-4a44-9185-e0db2c1e5d79] [tenant=] [store=] [user=] [userId=] [method=GET] [uri=/logging/slow] [main] c.m.p.web.RequestLoggingFilter - http_request_started method=GET uri=/logging/slow query_params=password=********&page=1 client_ip=127.0.0.1 user_agent=null authenticated_user= tenant= store= execution_start=2026-08-24T15:11:04.488336Z headers={Authorization=********, X-Api-Key=********}
2026-08-24 12:11:04.495 INFO  [corr=8fd885ee-849b-4aba-aab2-c4ec3cd38fed] [req=f6436e46-be53-4a44-9185-e0db2c1e5d79] [tenant=] [store=] [user=] [userId=] [method=GET] [uri=/logging/slow] [main] c.m.p.web.RequestLoggingFilter - http_response_completed status=200 duration_ms=6 response_size=4 controller=TestController.slow uri=/logging/slow correlation_id=8fd885ee-849b-4aba-aab2-c4ec3cd38fed
2026-08-24 12:11:04.495 WARN  [corr=8fd885ee-849b-4aba-aab2-c4ec3cd38fed] [req=f6436e46-be53-4a44-9185-e0db2c1e5d79] [tenant=] [store=] [user=] [userId=] [method=GET] [uri=/logging/slow] [main] c.m.p.web.RequestLoggingFilter - SLOW REQUEST duration_ms=6 method=GET uri=/logging/slow controller=TestController.slow
]]></system-out>
  </testcase>
  <testcase name="logsRepositoryFailures(CapturedOutput)" classname="com.merchtyl.logging.LoggingInfrastructureTest" time="0.003">
    <system-out><![CDATA[2026-08-24 12:11:04.498 WARN  [corr=] [req=] [tenant=] [store=] [user=] [userId=] [method=] [uri=] [main] c.m.l.RepositoryFailureLoggingAspect - repository_failure category=constraint_violation repository=AuthorizationService method=save exception_type=org.springframework.dao.DataIntegrityViolationException
]]></system-out>
  </testcase>
  <testcase name="logsAccessDeniedThroughExceptionHandler(CapturedOutput)" classname="com.merchtyl.logging.LoggingInfrastructureTest" time="0.003">
    <system-out><![CDATA[2026-08-24 12:11:04.500 INFO  [corr=] [req=] [tenant=] [store=] [user=] [userId=] [method=] [uri=] [main] o.s.mock.web.MockServletContext - Initializing Spring TestDispatcherServlet ''
2026-08-24 12:11:04.500 INFO  [corr=] [req=] [tenant=] [store=] [user=] [userId=] [method=] [uri=] [main] o.s.t.w.s.TestDispatcherServlet - Initializing Servlet ''
2026-08-24 12:11:04.500 INFO  [corr=] [req=] [tenant=] [store=] [user=] [userId=] [method=] [uri=] [main] o.s.t.w.s.TestDispatcherServlet - Completed initialization in 0 ms
2026-08-24 12:11:04.500 INFO  [corr=corr-denied] [req=bc3e702d-23a2-4347-af73-4c50d3a9609e] [tenant=] [store=] [user=] [userId=] [method=GET] [uri=/logging/denied] [main] c.m.p.web.RequestLoggingFilter - http_request_started method=GET uri=/logging/denied query_params= client_ip=127.0.0.1 user_agent=null authenticated_user= tenant= store= execution_start=2026-08-24T15:11:04.500401Z headers={X-Correlation-ID=corr-denied}
2026-08-24 12:11:04.500 WARN  [corr=corr-denied] [req=bc3e702d-23a2-4347-af73-4c50d3a9609e] [tenant=] [store=] [user=] [userId=] [method=GET] [uri=/logging/denied] [main] c.m.common.GlobalExceptionHandler - authorization_event event=Access Denied user= tenant=null endpoint=/logging/denied method=GET exception_type=org.springframework.security.access.AccessDeniedException
2026-08-24 12:11:04.501 WARN  [corr=corr-denied] [req=bc3e702d-23a2-4347-af73-4c50d3a9609e] [tenant=] [store=] [user=] [userId=] [method=GET] [uri=/logging/denied] [main] c.m.p.web.RequestLoggingFilter - http_response_failure status=403 duration_ms=0 response_size=183 controller=TestController.denied uri=/logging/denied correlation_id=corr-denied exception_type=forbidden business_error_code=forbidden
]]></system-out>
  </testcase>
  <testcase name="reusesInboundCorrelationId" classname="com.merchtyl.logging.LoggingInfrastructureTest" time="0.001">
    <system-out><![CDATA[2026-08-24 12:11:04.502 INFO  [corr=] [req=] [tenant=] [store=] [user=] [userId=] [method=] [uri=] [main] o.s.mock.web.MockServletContext - Initializing Spring TestDispatcherServlet ''
2026-08-24 12:11:04.502 INFO  [corr=] [req=] [tenant=] [store=] [user=] [userId=] [method=] [uri=] [main] o.s.t.w.s.TestDispatcherServlet - Initializing Servlet ''
2026-08-24 12:11:04.502 INFO  [corr=] [req=] [tenant=] [store=] [user=] [userId=] [method=] [uri=] [main] o.s.t.w.s.TestDispatcherServlet - Completed initialization in 0 ms
2026-08-24 12:11:04.502 INFO  [corr=checkout-123] [req=2d21d417-8b1c-40be-97e9-b403c3956147] [tenant=] [store=] [user=] [userId=] [method=GET] [uri=/logging/ok] [main] c.m.p.web.RequestLoggingFilter - http_request_started method=GET uri=/logging/ok query_params= client_ip=127.0.0.1 user_agent=null authenticated_user= tenant= store= execution_start=2026-08-24T15:11:04.502487Z headers={X-Correlation-ID=checkout-123}
2026-08-24 12:11:04.502 INFO  [corr=checkout-123] [req=2d21d417-8b1c-40be-97e9-b403c3956147] [tenant=] [store=] [user=] [userId=] [method=GET] [uri=/logging/ok] [main] c.m.p.web.RequestLoggingFilter - http_response_completed status=200 duration_ms=0 response_size=2 controller=TestController.ok uri=/logging/ok correlation_id=checkout-123
]]></system-out>
  </testcase>
  <testcase name="masksSensitiveFields" classname="com.merchtyl.logging.LoggingInfrastructureTest" time="0.001"/>
  <testcase name="logsAuthorizationFailures(CapturedOutput)" classname="com.merchtyl.logging.LoggingInfrastructureTest" time="0.0">
    <system-out><![CDATA[2026-08-24 12:11:04.503 WARN  [corr=] [req=] [tenant=] [store=] [user=] [userId=] [method=] [uri=] [main] c.m.l.AuthorizationLoggingAspect - authorization_failure user=cashier@example.test tenant=null permission=SALE_CREATE endpoint=null check=hasPermission
]]></system-out>
  </testcase>
  <testcase name="logsBusinessEventsForAuthenticationMerchantInventoryAndPos(CapturedOutput)" classname="com.merchtyl.logging.LoggingInfrastructureTest" time="0.0">
    <system-out><![CDATA[2026-08-24 12:11:04.504 INFO  [corr=] [req=] [tenant=] [store=] [user=] [userId=] [method=] [uri=] [main] com.merchtyl.audit.AuditService - business_event action=LOGIN_SUCCESS entity_type=USER entity_id=05499a5c-696f-4257-bffc-86b125492d07 actor_user_id=e813ed62-a59c-4351-bb4f-5e6480340a22 store_id=6c9711df-b46c-4560-a92d-5e48ec23e06c register_id=074ccfa2-001f-4ea4-8662-5292c8acf2d0 reason=test event
2026-08-24 12:11:04.504 INFO  [corr=] [req=] [tenant=] [store=] [user=] [userId=] [method=] [uri=] [main] com.merchtyl.audit.AuditService - business_event action=MERCHANT_TENANT_CREATED entity_type=TENANT entity_id=fdb94158-c443-4cfe-99d6-2787348efc89 actor_user_id=8bcb8b03-95e2-4ea3-87aa-7853153778b9 store_id=74419f70-00b5-4a71-8f97-00dc22c79187 register_id=8078467f-f205-434c-9454-45411c0e9a25 reason=test event
2026-08-24 12:11:04.504 INFO  [corr=] [req=] [tenant=] [store=] [user=] [userId=] [method=] [uri=] [main] com.merchtyl.audit.AuditService - business_event action=PRODUCT_CREATED entity_type=PRODUCT entity_id=882790fb-e940-4f53-9ccf-4b7114c83d68 actor_user_id=be2ab6f8-9baa-4a9b-920a-af62d8cc45e2 store_id=bb53ad16-ee08-4c1c-b7e3-b989e318fe6e register_id=2b3270ec-1bb3-46ae-aa64-c72e8b00e404 reason=test event
2026-08-24 12:11:04.504 INFO  [corr=] [req=] [tenant=] [store=] [user=] [userId=] [method=] [uri=] [main] com.merchtyl.audit.AuditService - business_event action=SALE_DRAFT_CREATED entity_type=SALE entity_id=0e9972bc-9b4e-449e-abfa-b58eee7bd031 actor_user_id=bff39717-cd58-424a-9966-da9f8ab36da5 store_id=76558273-d9c3-458e-a2fd-acbe0914e6f4 register_id=5a6bb4b2-bea0-4f52-a16f-4db4aabda869 reason=test event
2026-08-24 12:11:04.504 INFO  [corr=] [req=] [tenant=] [store=] [user=] [userId=] [method=] [uri=] [main] com.merchtyl.audit.AuditService - business_event action=SALE_COMPLETED entity_type=SALE entity_id=2e1579bf-34e1-497b-a9c6-8c6d3cf4730d actor_user_id=c763c9d3-9364-41c0-b70e-2c9eb15a4386 store_id=b406e89c-890f-40ba-bade-3b9e3817d7b9 register_id=963224f4-f78e-406e-8240-28398c55c1fd reason=test event
]]></system-out>
  </testcase>
  <testcase name="logsExceptionWithCorrelationIdAndSanitizedResponse(CapturedOutput)" classname="com.merchtyl.logging.LoggingInfrastructureTest" time="0.006">
    <system-out><![CDATA[2026-08-24 12:11:04.505 INFO  [corr=] [req=] [tenant=] [store=] [user=] [userId=] [method=] [uri=] [main] o.s.mock.web.MockServletContext - Initializing Spring TestDispatcherServlet ''
2026-08-24 12:11:04.505 INFO  [corr=] [req=] [tenant=] [store=] [user=] [userId=] [method=] [uri=] [main] o.s.t.w.s.TestDispatcherServlet - Initializing Servlet ''
2026-08-24 12:11:04.505 INFO  [corr=] [req=] [tenant=] [store=] [user=] [userId=] [method=] [uri=] [main] o.s.t.w.s.TestDispatcherServlet - Completed initialization in 0 ms
2026-08-24 12:11:04.505 INFO  [corr=corr-exception] [req=9e018661-e4e5-42d3-abf6-e59716d68153] [tenant=] [store=] [user=] [userId=] [method=GET] [uri=/logging/explode] [main] c.m.p.web.RequestLoggingFilter - http_request_started method=GET uri=/logging/explode query_params= client_ip=127.0.0.1 user_agent=null authenticated_user= tenant= store= execution_start=2026-08-24T15:11:04.505843Z headers={X-Correlation-ID=corr-exception}
2026-08-24 12:11:04.509 ERROR [corr=corr-exception] [req=9e018661-e4e5-42d3-abf6-e59716d68153] [tenant=] [store=] [user=] [userId=] [method=GET] [uri=/logging/explode] [main] c.m.common.GlobalExceptionHandler - Unhandled request failure method=GET path=/logging/explode correlation_id=corr-exception tenant=null store=null user= exception_type=java.lang.IllegalStateException stack_trace=java.lang.IllegalStateException: raw server detail
	at com.merchtyl.logging.LoggingInfrastructureTest$TestController.explode(LoggingInfrastructureTest.java:241)
	at java.base/jdk.internal.reflect.DirectMethodHandleAccessor.invoke(DirectMethodHandleAccessor.java:103)
	at java.base/java.lang.reflect.Method.invoke(Method.java:580)
	at org.springframework.web.method.support.InvocableHandlerMethod.doInvoke(InvocableHandlerMethod.java:255)
	at org.springframework.web.method.support.InvocableHandlerMethod.invokeForRequest(InvocableHandlerMethod.java:188)
	at org.springframework.web.servlet.mvc.method.annotation.ServletInvocableHandlerMethod.invokeAndHandle(ServletInvocableHandlerMethod.java:118)
	at org.springframework.web.servlet.mvc.method.annotation.RequestMappingHandlerAdapter.invokeHandlerMethod(RequestMappingHandlerAdapter.java:926)
	at org.springframework.web.servlet.mvc.method.annotation.RequestMappingHandlerAdapter.handleInternal(RequestMappingHandlerAdapter.java:831)
	at org.springframework.web.servlet.mvc.method.AbstractHandlerMethodAdapter.handle(AbstractHandlerMethodAdapter.java:87)
	at org.springframework.web.servlet.DispatcherServlet.doDispatch(DispatcherServlet.java:1089)
	at org.springframework.web.servlet.DispatcherServlet.doService(DispatcherServlet.java:979)
	at org.springframework.web.servlet.FrameworkServlet.processRequest(FrameworkServlet.java:1014)
	at org.springframework.web.servlet.FrameworkServlet.doGet(FrameworkServlet.java:903)
	at jakarta.servlet.http.HttpServlet.service(HttpServlet.java:564)
	at org.springframework.web.servlet.FrameworkServlet.service(FrameworkServlet.java:885)
	at org.springframework.test.web.servlet.TestDispatcherServlet.service(TestDispatcherServlet.java:72)
	at jakarta.servlet.http.HttpServlet.service(HttpServlet.java:658)
	at org.springframework.mock.web.MockFilterChain$ServletFilterProxy.doFilter(MockFilterChain.java:165)
	at org.springframework.mock.web.MockFilterChain.doFilter(MockFilterChain.java:132)
	at com.merchtyl.platform.web.RequestLoggingFilter.doFilterInternal(RequestLoggingFilter.java:52)
	at org.springframework.web.filter.OncePerRequestFilter.doFilter(OncePerRequestFilter.java:116)
	at org.springframework.mock.web.MockFilterChain.doFilter(MockFilterChain.java:132)
	at com.merchtyl.platform.web.CorrelationIdFilter.doFilterInternal(CorrelationIdFilter.java:38)
	at org.springframework.web.filter.OncePerRequestFilter.doFilter(OncePerRequestFilter.java:116)
	at org.springframework.mock.web.MockFilterChain.doFilter(MockFilterChain.java:132)
	at org.springframework.test.web.servlet.MockMvc.perform(MockMvc.java:201)
	at com.merchtyl.logging.LoggingInfrastructureTest.logsExceptionWithCorrelationIdAndSanitizedResponse(LoggingInfrastructureTest.java:106)
	at java.base/jdk.internal.reflect.DirectMethodHandleAccessor.invoke(DirectMethodHandleAccessor.java:103)
	at java.base/java.lang.reflect.Method.invoke(Method.java:580)
	at org.junit.platform.commons.util.ReflectionUtils.invokeMethod(ReflectionUtils.java:728)
	at org.junit.jupiter.engine.execution.MethodInvocation.proceed(MethodInvocation.java:60)
	at org.junit.jupiter.engine.execution.InvocationInterceptorChain$ValidatingInvocation.proceed(InvocationInterceptorChain.java:131)
	at org.junit.jupiter.engine.extension.TimeoutExtension.intercept(TimeoutExtension.java:156)
	at org.junit.jupiter.engine.extension.TimeoutExtension.interceptTestableMethod(TimeoutExtension.java:147)
	at org.junit.jupiter.engine.extension.TimeoutExtension.interceptTestMethod(TimeoutExtension.java:86)
	at org.junit.jupiter.engine.execution.InterceptingExecutableInvoker$ReflectiveInterceptorCall.lambda$ofVoidMethod$0(InterceptingExecutableInvoker.java:103)
	at org.junit.jupiter.engine.execution.InterceptingExecutableInvoker.lambda$invoke$0(InterceptingExecutableInvoker.java:93)
	at org.junit.jupiter.engine.execution.InvocationInterceptorChain$InterceptedInvocation.proceed(InvocationInterceptorChain.java:106)
	at org.junit.jupiter.engine.execution.InvocationInterceptorChain.proceed(InvocationInterceptorChain.java:64)
	at org.junit.jupiter.engine.execution.InvocationInterceptorChain.chainAndInvoke(InvocationInterceptorChain.java:45)
	at org.junit.jupiter.engine.execution.InvocationInterceptorChain.invoke(InvocationInterceptorChain.java:37)
	at org.junit.jupiter.engine.execution.InterceptingExecutableInvoker.invoke(InterceptingExecutableInvoker.java:92)
	at org.junit.jupiter.engine.execution.InterceptingExecutableInvoker.invoke(InterceptingExecutableInvoker.java:86)
	at org.junit.jupiter.engine.descriptor.TestMethodTestDescriptor.lambda$invokeTestMethod$7(TestMethodTestDescriptor.java:218)
	at org.junit.platform.engine.support.hierarchical.ThrowableCollector.execute(ThrowableCollector.java:73)
	at org.junit.jupiter.engine.descriptor.TestMethodTestDescriptor.invokeTestMethod(TestMethodTestDescriptor.java:214)
	at org.junit.jupiter.engine.descriptor.TestMethodTestDescriptor.execute(TestMethodTestDescriptor.java:139)
	at org.junit.jupiter.engine.descriptor.TestMethodTestDescriptor.execute(TestMethodTestDescriptor.java:69)
	at org.junit.platform.engine.support.hierarchical.NodeTestTask.lambda$executeRecursively$6(NodeTestTask.java:156)
	at org.junit.platform.engine.support.hierarchical.ThrowableCollector.execute(ThrowableCollector.java:73)
	at org.junit.platform.engine.support.hierarchical.NodeTestTask.lambda$executeRecursively$8(NodeTestTask.java:146)
	at org.junit.platform.engine.support.hierarchical.Node.around(Node.java:137)
	at org.junit.platform.engine.support.hierarchical.NodeTestTask.lambda$executeRecursively$9(NodeTestTask.java:144)
	at org.junit.platform.engine.support.hierarchical.ThrowableCollector.execute(ThrowableCollector.java:73)
	at org.junit.platform.engine.support.hierarchical.NodeTestTask.executeRecursively(NodeTestTask.java:143)
	at org.junit.platform.engine.support.hierarchical.NodeTestTask.execute(NodeTestTask.java:100)
	at java.base/java.util.ArrayList.forEach(ArrayList.java:1596)
	at org.junit.platform.engine.support.hierarchical.SameThreadHierarchicalTestExecutorService.invokeAll(SameThreadHierarchicalTestExecutorService.java:41)
	at org.junit.platform.engine.support.hierarchical.NodeTestTask.lambda$executeRecursively$6(NodeTestTask.java:160)
	at org.junit.platform.engine.support.hierarchical.ThrowableCollector.execute(ThrowableCollector.java:73)
	at org.junit.platform.engine.support.hierarchical.NodeTestTask.lambda$executeRecursively$8(NodeTestTask.java:146)
	at org.junit.platform.engine.support.hierarchical.Node.around(Node.java:137)
	at org.junit.platform.engine.support.hierarchical.NodeTestTask.lambda$executeRecursively$9(NodeTestTask.java:144)
	at org.junit.platform.engine.support.hierarchical.ThrowableCollector.execute(ThrowableCollector.java:73)
	at org.junit.platform.engine.support.hierarchical.NodeTestTask.executeRecursively(NodeTestTask.java:143)
	at org.junit.platform.engine.support.hierarchical.NodeTestTask.execute(NodeTestTask.java:100)
	at java.base/java.util.ArrayList.forEach(ArrayList.java:1596)
	at org.junit.platform.engine.support.hierarchical.SameThreadHierarchicalTestExecutorService.invokeAll(SameThreadHierarchicalTestExecutorService.java:41)
	at org.junit.platform.engine.support.hierarchical.NodeTestTask.lambda$executeRecursively$6(NodeTestTask.java:160)
	at org.junit.platform.engine.support.hierarchical.ThrowableCollector.execute(ThrowableCollector.java:73)
	at org.junit.platform.engine.support.hierarchical.NodeTestTask.lambda$executeRecursively$8(NodeTestTask.java:146)
	at org.junit.platform.engine.support.hierarchical.Node.around(Node.java:137)
	at org.junit.platform.engine.support.hierarchical.NodeTestTask.lambda$executeRecursively$9(NodeTestTask.java:144)
	at org.junit.platform.engine.support.hierarchical.ThrowableCollector.execute(ThrowableCollector.java:73)
	at org.junit.platform.engine.support.hierarchical.NodeTestTask.executeRecursively(NodeTestTask.java:143)
	at org.junit.platform.engine.support.hierarchical.NodeTestTask.execute(NodeTestTask.java:100)
	at org.junit.platform.engine.support.hierarchical.SameThreadHierarchicalTestExecutorService.submit(SameThreadHierarchicalTestExecutorService.java:35)
	at org.junit.platform.engine.support.hierarchical.HierarchicalTestExecutor.execute(HierarchicalTestExecutor.java:57)
	at org.junit.platform.engine.support.hierarchical.HierarchicalTestEngine.execute(HierarchicalTestEngine.java:54)
	at org.junit.platform.launcher.core.EngineExecutionOrchestrator.execute(EngineExecutionOrchestrator.java:198)
	at org.junit.platform.launcher.core.EngineExecutionOrchestrator.execute(EngineExecutionOrchestrator.java:169)
	at org.junit.platform.launcher.core.EngineExecutionOrchestrator.execute(EngineExecutionOrchestrator.java:93)
	at org.junit.platform.launcher.core.EngineExecutionOrchestrator.lambda$execute$0(EngineExecutionOrchestrator.java:58)
	at org.junit.platform.launcher.core.EngineExecutionOrchestrator.withInterceptedStreams(EngineExecutionOrchestrator.java:141)
	at org.junit.platform.launcher.core.EngineExecutionOrchestrator.execute(EngineExecutionOrchestrator.java:57)
	at org.junit.platform.launcher.core.DefaultLauncher.execute(DefaultLauncher.java:103)
	at org.junit.platform.launcher.core.DefaultLauncher.execute(DefaultLauncher.java:85)
	at org.junit.platform.launcher.core.DelegatingLauncher.execute(DelegatingLauncher.java:47)
	at org.apache.maven.surefire.junitplatform.LazyLauncher.execute(LazyLauncher.java:56)
	at org.apache.maven.surefire.junitplatform.JUnitPlatformProvider.execute(JUnitPlatformProvider.java:184)
	at org.apache.maven.surefire.junitplatform.JUnitPlatformProvider.invokeAllTests(JUnitPlatformProvider.java:148)
	at org.apache.maven.surefire.junitplatform.JUnitPlatformProvider.invoke(JUnitPlatformProvider.java:122)
	at org.apache.maven.surefire.booter.ForkedBooter.runSuitesInProcess(ForkedBooter.java:385)
	at org.apache.maven.surefire.booter.ForkedBooter.execute(ForkedBooter.java:162)
	at org.apache.maven.surefire.booter.ForkedBooter.run(ForkedBooter.java:507)
	at org.apache.maven.surefire.booter.ForkedBooter.main(ForkedBooter.java:495)

2026-08-24 12:11:04.510 ERROR [corr=corr-exception] [req=9e018661-e4e5-42d3-abf6-e59716d68153] [tenant=] [store=] [user=] [userId=] [method=GET] [uri=/logging/explode] [main] c.m.p.web.RequestLoggingFilter - http_response_failure status=500 duration_ms=4 response_size=202 controller=TestController.explode uri=/logging/explode correlation_id=corr-exception exception_type=server_error business_error_code=internal_error
]]></system-out>
  </testcase>
</testsuite>