<?xml version="1.0" encoding="UTF-8"?>
<testsuite xmlns:xsi="http://www.w3.org/2001/XMLSchema-instance" xsi:noNamespaceSchemaLocation="https://maven.apache.org/surefire/maven-surefire-plugin/xsd/surefire-test-report-3.0.xsd" version="3.0" name="com.merchtyl.sales.SaleCompletionIntegrationTest" time="0.0" tests="2" errors="0" skipped="2" failures="0">
  <properties>
[...]
</properties>
  <testcase name="completeSaleAllowsInventoryToBecomeNegative" classname="com.merchtyl.sales.SaleCompletionIntegrationTest" time="0.0">
    <skipped message="disabledWithoutDocker is true and Docker is not available"/>
    <system-out><![CDATA[2026-08-25 09:40:55.822 INFO  [corr=] [req=] [tenant=] [store=] [user=] [userId=] [method=] [uri=] [main] o.testcontainers.DockerClientFactory - Testcontainers version: 1.20.3
2026-08-25 09:40:55.908 INFO  [corr=] [req=] [tenant=] [store=] [user=] [userId=] [method=] [uri=] [main] o.t.d.DockerClientProviderStrategy - Loaded org.testcontainers.dockerclient.UnixSocketClientProviderStrategy from ~/.testcontainers.properties, will try it first
2026-08-25 09:40:56.041 WARN  [corr=] [req=] [tenant=] [store=] [user=] [userId=] [method=] [uri=] [main] o.t.d.DockerClientProviderStrategy - DOCKER_HOST unix:///var/run/docker.sock is not listening
java.io.IOException: com.sun.jna.LastErrorException: [1] Operation not permitted
	at com.github.dockerjava.transport.DomainSocket.<init>(DomainSocket.java:63)
	at com.github.dockerjava.transport.BsdDomainSocket.<init>(BsdDomainSocket.java:43)
	at com.github.dockerjava.transport.DomainSocket.get(DomainSocket.java:138)
	at com.github.dockerjava.transport.UnixSocket.get(UnixSocket.java:29)
	at org.testcontainers.dockerclient.DockerClientProviderStrategy.lambda$test$2(DockerClientProviderStrategy.java:194)
	at org.testcontainers.dockerclient.DockerClientProviderStrategy.test(DockerClientProviderStrategy.java:208)
	at org.testcontainers.dockerclient.DockerClientProviderStrategy.tryOutStrategy(DockerClientProviderStrategy.java:284)
	at org.testcontainers.dockerclient.DockerClientProviderStrategy.lambda$getFirstValidStrategy$5(DockerClientProviderStrategy.java:263)
	at java.base/java.util.stream.ReferencePipeline$2$1.accept(ReferencePipeline.java:178)
	at java.base/java.util.stream.ReferencePipeline$2$1.accept(ReferencePipeline.java:179)
	at java.base/java.util.stream.ReferencePipeline$2$1.accept(ReferencePipeline.java:179)
	at java.base/java.util.ArrayList$ArrayListSpliterator.tryAdvance(ArrayList.java:1685)
	at java.base/java.util.stream.ReferencePipeline.forEachWithCancel(ReferencePipeline.java:129)
	at java.base/java.util.stream.AbstractPipeline.copyIntoWithCancel(AbstractPipeline.java:527)
	at java.base/java.util.stream.AbstractPipeline.copyInto(AbstractPipeline.java:513)
	at java.base/java.util.stream.AbstractPipeline.wrapAndCopyInto(AbstractPipeline.java:499)
	at java.base/java.util.stream.FindOps$FindOp.evaluateSequential(FindOps.java:150)
	at java.base/java.util.stream.AbstractPipeline.evaluate(AbstractPipeline.java:234)
	at java.base/java.util.stream.ReferencePipeline.findFirst(ReferencePipeline.java:647)
	at org.testcontainers.dockerclient.DockerClientProviderStrategy.getFirstValidStrategy(DockerClientProviderStrategy.java:264)
	at org.testcontainers.DockerClientFactory.getOrInitializeStrategy(DockerClientFactory.java:154)
	at org.testcontainers.DockerClientFactory.client(DockerClientFactory.java:196)
	at org.testcontainers.junit.jupiter.DockerAvailableDetector.isDockerAvailable(DockerAvailableDetector.java:9)
	at org.testcontainers.junit.jupiter.TestcontainersExtension.isDockerAvailable(TestcontainersExtension.java:196)
	at org.testcontainers.junit.jupiter.TestcontainersExtension.evaluate(TestcontainersExtension.java:187)
	at java.base/java.util.Optional.map(Optional.java:260)
	at org.testcontainers.junit.jupiter.TestcontainersExtension.evaluateExecutionCondition(TestcontainersExtension.java:166)
	at org.junit.jupiter.engine.execution.ConditionEvaluator.evaluate(ConditionEvaluator.java:64)
	at org.junit.jupiter.engine.execution.ConditionEvaluator.lambda$evaluate$0(ConditionEvaluator.java:55)
	at java.base/java.util.stream.ReferencePipeline$3$1.accept(ReferencePipeline.java:197)
	at java.base/java.util.stream.ReferencePipeline$2$1.accept(ReferencePipeline.java:179)
	at java.base/java.util.stream.StreamSpliterators$WrappingSpliterator.tryAdvance(StreamSpliterators.java:300)
	at java.base/java.util.stream.Streams$ConcatSpliterator.tryAdvance(Streams.java:723)
	at java.base/java.util.stream.ReferencePipeline.forEachWithCancel(ReferencePipeline.java:129)
	at java.base/java.util.stream.AbstractPipeline.copyIntoWithCancel(AbstractPipeline.java:527)
	at java.base/java.util.stream.AbstractPipeline.copyInto(AbstractPipeline.java:513)
	at java.base/java.util.stream.AbstractPipeline.wrapAndCopyInto(AbstractPipeline.java:499)
	at java.base/java.util.stream.FindOps$FindOp.evaluateSequential(FindOps.java:150)
	at java.base/java.util.stream.AbstractPipeline.evaluate(AbstractPipeline.java:234)
	at java.base/java.util.stream.ReferencePipeline.findFirst(ReferencePipeline.java:647)
	at org.junit.jupiter.engine.execution.ConditionEvaluator.evaluate(ConditionEvaluator.java:57)
	at org.junit.jupiter.engine.descriptor.JupiterTestDescriptor.shouldBeSkipped(JupiterTestDescriptor.java:204)
	at org.junit.jupiter.engine.descriptor.JupiterTestDescriptor.shouldBeSkipped(JupiterTestDescriptor.java:57)
	at org.junit.platform.engine.support.hierarchical.NodeTestTask.lambda$checkWhetherSkipped$3(NodeTestTask.java:136)
	at org.junit.platform.engine.support.hierarchical.ThrowableCollector.execute(ThrowableCollector.java:73)
	at org.junit.platform.engine.support.hierarchical.NodeTestTask.checkWhetherSkipped(NodeTestTask.java:136)
	at org.junit.platform.engine.support.hierarchical.NodeTestTask.execute(NodeTestTask.java:97)
	at java.base/java.util.ArrayList.forEach(ArrayList.java:1596)
	at org.junit.platform.engine.support.hierarchical.SameThreadHierarchicalTestExecutorService.invokeAll(SameThreadHierarchicalTestExecutorService.java:41)
	at org.junit.platform.engine.support.hierarchical.NodeTestTask.lambda$executeRecursively$6(NodeTestTask.java:160)
	at org.junit.platform.engine.support.hierarchical.ThrowableCollector.execute(ThrowableCollector.java:73)
	at org.junit.platform.engine.support.hierarchical.NodeTestTask.lambda$executeRecursively$8(NodeTestTask.java:146)
	at org.junit.platform.engine.support.hierarchical.Node.around(Node.java:137)
	at org.junit.platform.engine.support.hierarchical.NodeTestTask.lambda$executeRecursively$9(NodeTestTask.java:144)
	at org.junit.platform.engine.support.hierarchical.ThrowableCollector.execute(ThrowableCollector.java:73)
	at org.junit.platform.engine.support.hierarchical.NodeTestTask.executeRecursively(NodeTestTask.java:143)
	at org.junit.platform.engine.support.hierarchical.NodeTestTask.execute(NodeTestTask.java:100)
	at org.junit.platform.engine.support.hierarchical.SameThreadHierarchicalTestExecutorService.submit(SameThreadHierarchicalTestExecutorService.java:35)
	at org.junit.platform.engine.support.hierarchical.HierarchicalTestExecutor.execute(HierarchicalTestExecutor.java:57)
	at org.junit.platform.engine.support.hierarchical.HierarchicalTestEngine.execute(HierarchicalTestEngine.java:54)
	at org.junit.platform.launcher.core.EngineExecutionOrchestrator.execute(EngineExecutionOrchestrator.java:198)
	at org.junit.platform.launcher.core.EngineExecutionOrchestrator.execute(EngineExecutionOrchestrator.java:169)
	at org.junit.platform.launcher.core.EngineExecutionOrchestrator.execute(EngineExecutionOrchestrator.java:93)
	at org.junit.platform.launcher.core.EngineExecutionOrchestrator.lambda$execute$0(EngineExecutionOrchestrator.java:58)
	at org.junit.platform.launcher.core.EngineExecutionOrchestrator.withInterceptedStreams(EngineExecutionOrchestrator.java:141)
	at org.junit.platform.launcher.core.EngineExecutionOrchestrator.execute(EngineExecutionOrchestrator.java:57)
	at org.junit.platform.launcher.core.DefaultLauncher.execute(DefaultLauncher.java:103)
	at org.junit.platform.launcher.core.DefaultLauncher.execute(DefaultLauncher.java:85)
	at org.junit.platform.launcher.core.DelegatingLauncher.execute(DelegatingLauncher.java:47)
	at org.apache.maven.surefire.junitplatform.LazyLauncher.execute(LazyLauncher.java:56)
	at org.apache.maven.surefire.junitplatform.JUnitPlatformProvider.execute(JUnitPlatformProvider.java:184)
	at org.apache.maven.surefire.junitplatform.JUnitPlatformProvider.invokeAllTests(JUnitPlatformProvider.java:148)
	at org.apache.maven.surefire.junitplatform.JUnitPlatformProvider.invoke(JUnitPlatformProvider.java:122)
	at org.apache.maven.surefire.booter.ForkedBooter.runSuitesInProcess(ForkedBooter.java:385)
	at org.apache.maven.surefire.booter.ForkedBooter.execute(ForkedBooter.java:162)
	at org.apache.maven.surefire.booter.ForkedBooter.run(ForkedBooter.java:507)
	at org.apache.maven.surefire.booter.ForkedBooter.main(ForkedBooter.java:495)
Caused by: com.sun.jna.LastErrorException: [1] Operation not permitted
	at com.github.dockerjava.transport.BsdDomainSocket.connect(Native Method)
	at com.github.dockerjava.transport.BsdDomainSocket.connect(BsdDomainSocket.java:49)
	at com.github.dockerjava.transport.DomainSocket.open(DomainSocket.java:69)
	at com.github.dockerjava.transport.DomainSocket.<init>(DomainSocket.java:59)
	... 76 common frames omitted
2026-08-25 09:40:56.043 WARN  [corr=] [req=] [tenant=] [store=] [user=] [userId=] [method=] [uri=] [main] o.t.d.DockerClientProviderStrategy - DOCKER_HOST unix:///Users/aditya/.docker/run/docker.sock is not listening
java.io.IOException: com.sun.jna.LastErrorException: [1] Operation not permitted
	at com.github.dockerjava.transport.DomainSocket.<init>(DomainSocket.java:63)
	at com.github.dockerjava.transport.BsdDomainSocket.<init>(BsdDomainSocket.java:43)
	at com.github.dockerjava.transport.DomainSocket.get(DomainSocket.java:138)
	at com.github.dockerjava.transport.UnixSocket.get(UnixSocket.java:29)
	at org.testcontainers.dockerclient.DockerClientProviderStrategy.lambda$test$2(DockerClientProviderStrategy.java:194)
	at org.testcontainers.dockerclient.DockerClientProviderStrategy.test(DockerClientProviderStrategy.java:208)
	at org.testcontainers.dockerclient.DockerClientProviderStrategy.tryOutStrategy(DockerClientProviderStrategy.java:284)
	at org.testcontainers.dockerclient.DockerClientProviderStrategy.lambda$getFirstValidStrategy$5(DockerClientProviderStrategy.java:263)
	at java.base/java.util.stream.ReferencePipeline$2$1.accept(ReferencePipeline.java:178)
	at java.base/java.util.stream.ReferencePipeline$2$1.accept(ReferencePipeline.java:179)
	at java.base/java.util.stream.ReferencePipeline$2$1.accept(ReferencePipeline.java:179)
	at java.base/java.util.ArrayList$ArrayListSpliterator.tryAdvance(ArrayList.java:1685)
	at java.base/java.util.stream.ReferencePipeline.forEachWithCancel(ReferencePipeline.java:129)
	at java.base/java.util.stream.AbstractPipeline.copyIntoWithCancel(AbstractPipeline.java:527)
	at java.base/java.util.stream.AbstractPipeline.copyInto(AbstractPipeline.java:513)
	at java.base/java.util.stream.AbstractPipeline.wrapAndCopyInto(AbstractPipeline.java:499)
	at java.base/java.util.stream.FindOps$FindOp.evaluateSequential(FindOps.java:150)
	at java.base/java.util.stream.AbstractPipeline.evaluate(AbstractPipeline.java:234)
	at java.base/java.util.stream.ReferencePipeline.findFirst(ReferencePipeline.java:647)
	at org.testcontainers.dockerclient.DockerClientProviderStrategy.getFirstValidStrategy(DockerClientProviderStrategy.java:264)
	at org.testcontainers.DockerClientFactory.getOrInitializeStrategy(DockerClientFactory.java:154)
	at org.testcontainers.DockerClientFactory.client(DockerClientFactory.java:196)
	at org.testcontainers.junit.jupiter.DockerAvailableDetector.isDockerAvailable(DockerAvailableDetector.java:9)
	at org.testcontainers.junit.jupiter.TestcontainersExtension.isDockerAvailable(TestcontainersExtension.java:196)
	at org.testcontainers.junit.jupiter.TestcontainersExtension.evaluate(TestcontainersExtension.java:187)
	at java.base/java.util.Optional.map(Optional.java:260)
	at org.testcontainers.junit.jupiter.TestcontainersExtension.evaluateExecutionCondition(TestcontainersExtension.java:166)
	at org.junit.jupiter.engine.execution.ConditionEvaluator.evaluate(ConditionEvaluator.java:64)
	at org.junit.jupiter.engine.execution.ConditionEvaluator.lambda$evaluate$0(ConditionEvaluator.java:55)
	at java.base/java.util.stream.ReferencePipeline$3$1.accept(ReferencePipeline.java:197)
	at java.base/java.util.stream.ReferencePipeline$2$1.accept(ReferencePipeline.java:179)
	at java.base/java.util.stream.StreamSpliterators$WrappingSpliterator.tryAdvance(StreamSpliterators.java:300)
	at java.base/java.util.stream.Streams$ConcatSpliterator.tryAdvance(Streams.java:723)
	at java.base/java.util.stream.ReferencePipeline.forEachWithCancel(ReferencePipeline.java:129)
	at java.base/java.util.stream.AbstractPipeline.copyIntoWithCancel(AbstractPipeline.java:527)
	at java.base/java.util.stream.AbstractPipeline.copyInto(AbstractPipeline.java:513)
	at java.base/java.util.stream.AbstractPipeline.wrapAndCopyInto(AbstractPipeline.java:499)
	at java.base/java.util.stream.FindOps$FindOp.evaluateSequential(FindOps.java:150)
	at java.base/java.util.stream.AbstractPipeline.evaluate(AbstractPipeline.java:234)
	at java.base/java.util.stream.ReferencePipeline.findFirst(ReferencePipeline.java:647)
	at org.junit.jupiter.engine.execution.ConditionEvaluator.evaluate(ConditionEvaluator.java:57)
	at org.junit.jupiter.engine.descriptor.JupiterTestDescriptor.shouldBeSkipped(JupiterTestDescriptor.java:204)
	at org.junit.jupiter.engine.descriptor.JupiterTestDescriptor.shouldBeSkipped(JupiterTestDescriptor.java:57)
	at org.junit.platform.engine.support.hierarchical.NodeTestTask.lambda$checkWhetherSkipped$3(NodeTestTask.java:136)
	at org.junit.platform.engine.support.hierarchical.ThrowableCollector.execute(ThrowableCollector.java:73)
	at org.junit.platform.engine.support.hierarchical.NodeTestTask.checkWhetherSkipped(NodeTestTask.java:136)
	at org.junit.platform.engine.support.hierarchical.NodeTestTask.execute(NodeTestTask.java:97)
	at java.base/java.util.ArrayList.forEach(ArrayList.java:1596)
	at org.junit.platform.engine.support.hierarchical.SameThreadHierarchicalTestExecutorService.invokeAll(SameThreadHierarchicalTestExecutorService.java:41)
	at org.junit.platform.engine.support.hierarchical.NodeTestTask.lambda$executeRecursively$6(NodeTestTask.java:160)
	at org.junit.platform.engine.support.hierarchical.ThrowableCollector.execute(ThrowableCollector.java:73)
	at org.junit.platform.engine.support.hierarchical.NodeTestTask.lambda$executeRecursively$8(NodeTestTask.java:146)
	at org.junit.platform.engine.support.hierarchical.Node.around(Node.java:137)
	at org.junit.platform.engine.support.hierarchical.NodeTestTask.lambda$executeRecursively$9(NodeTestTask.java:144)
	at org.junit.platform.engine.support.hierarchical.ThrowableCollector.execute(ThrowableCollector.java:73)
	at org.junit.platform.engine.support.hierarchical.NodeTestTask.executeRecursively(NodeTestTask.java:143)
	at org.junit.platform.engine.support.hierarchical.NodeTestTask.execute(NodeTestTask.java:100)
	at org.junit.platform.engine.support.hierarchical.SameThreadHierarchicalTestExecutorService.submit(SameThreadHierarchicalTestExecutorService.java:35)
	at org.junit.platform.engine.support.hierarchical.HierarchicalTestExecutor.execute(HierarchicalTestExecutor.java:57)
	at org.junit.platform.engine.support.hierarchical.HierarchicalTestEngine.execute(HierarchicalTestEngine.java:54)
	at org.junit.platform.launcher.core.EngineExecutionOrchestrator.execute(EngineExecutionOrchestrator.java:198)
	at org.junit.platform.launcher.core.EngineExecutionOrchestrator.execute(EngineExecutionOrchestrator.java:169)
	at org.junit.platform.launcher.core.EngineExecutionOrchestrator.execute(EngineExecutionOrchestrator.java:93)
	at org.junit.platform.launcher.core.EngineExecutionOrchestrator.lambda$execute$0(EngineExecutionOrchestrator.java:58)
	at org.junit.platform.launcher.core.EngineExecutionOrchestrator.withInterceptedStreams(EngineExecutionOrchestrator.java:141)
	at org.junit.platform.launcher.core.EngineExecutionOrchestrator.execute(EngineExecutionOrchestrator.java:57)
	at org.junit.platform.launcher.core.DefaultLauncher.execute(DefaultLauncher.java:103)
	at org.junit.platform.launcher.core.DefaultLauncher.execute(DefaultLauncher.java:85)
	at org.junit.platform.launcher.core.DelegatingLauncher.execute(DelegatingLauncher.java:47)
	at org.apache.maven.surefire.junitplatform.LazyLauncher.execute(LazyLauncher.java:56)
	at org.apache.maven.surefire.junitplatform.JUnitPlatformProvider.execute(JUnitPlatformProvider.java:184)
	at org.apache.maven.surefire.junitplatform.JUnitPlatformProvider.invokeAllTests(JUnitPlatformProvider.java:148)
	at org.apache.maven.surefire.junitplatform.JUnitPlatformProvider.invoke(JUnitPlatformProvider.java:122)
	at org.apache.maven.surefire.booter.ForkedBooter.runSuitesInProcess(ForkedBooter.java:385)
	at org.apache.maven.surefire.booter.ForkedBooter.execute(ForkedBooter.java:162)
	at org.apache.maven.surefire.booter.ForkedBooter.run(ForkedBooter.java:507)
	at org.apache.maven.surefire.booter.ForkedBooter.main(ForkedBooter.java:495)
Caused by: com.sun.jna.LastErrorException: [1] Operation not permitted
	at com.github.dockerjava.transport.BsdDomainSocket.connect(Native Method)
	at com.github.dockerjava.transport.BsdDomainSocket.connect(BsdDomainSocket.java:49)
	at com.github.dockerjava.transport.DomainSocket.open(DomainSocket.java:69)
	at com.github.dockerjava.transport.DomainSocket.<init>(DomainSocket.java:59)
	... 76 common frames omitted
2026-08-25 09:40:56.047 INFO  [corr=] [req=] [tenant=] [store=] [user=] [userId=] [method=] [uri=] [main] o.t.d.DockerMachineClientProviderStrategy - docker-machine executable was not found on PATH ([/Users/aditya/Library/Caches/JetBrains/IntelliJIdea2026.1/acp-agents/.runtimes/node/24.13.0/npm-cache/_npx/51778398e0ffe6a4/node_modules/@openai/codex-darwin-arm64/vendor/aarch64-apple-darwin/codex-path, /Library/PostgreSQL/18/bin, /Users/aditya/apache-maven-3.9.11/bin, /opt/homebrew/opt/openjdk@21/bin, /opt/homebrew/bin, /opt/homebrew/sbin, /usr/local/bin, /System/Cryptexes/App/usr/bin, /usr/bin, /bin, /usr/sbin, /sbin, /var/run/com.apple.security.cryptexd/codex.system/bootstrap/usr/local/bin, /var/run/com.apple.security.cryptexd/codex.system/bootstrap/usr/bin, /var/run/com.apple.security.cryptexd/codex.system/bootstrap/usr/appleinternal/bin, /Users/aditya/.codex/tmp/arg0/codex-arg0F1T6Am, /Users/aditya/Library/Caches/JetBrains/IntelliJIdea2026.1/acp-agents/.runtimes/node/24.13.0/npm-cache/_npx/51778398e0ffe6a4/node_modules/@openai/codex-darwin-arm64/vendor/aarch64-apple-darwin/codex-path, /Users/aditya/Library/Caches/JetBrains/IntelliJIdea2026.1/acp-agents/.runtimes/node/24.13.0/npm-cache/_npx/51778398e0ffe6a4/node_modules/.bin, /Users/aditya/MP4113_Workspace/Merchtyl.com/node_modules/.bin, /Users/aditya/MP4113_Workspace/node_modules/.bin, /Users/aditya/node_modules/.bin, /Users/node_modules/.bin, /node_modules/.bin, /Users/aditya/Library/Caches/JetBrains/IntelliJIdea2026.1/acp-agents/.runtimes/node/24.13.0/lib/node_modules/npm/node_modules/@npmcli/run-script/lib/node-gyp-bin, /Users/aditya/Library/Caches/JetBrains/IntelliJIdea2026.1/acp-agents/.runtimes/node/24.13.0/bin, /Library/PostgreSQL/18/bin, /Users/aditya/apache-maven-3.9.11/bin, /opt/homebrew/opt/openjdk@21/bin])
2026-08-25 09:40:56.048 ERROR [corr=] [req=] [tenant=] [store=] [user=] [userId=] [method=] [uri=] [main] o.t.d.DockerClientProviderStrategy - Could not find a valid Docker environment. Please check configuration. Attempted configurations were:
As no valid configuration was found, execution cannot continue.
See https://java.testcontainers.org/on_failure.html for more details.
]]></system-out>
  </testcase>
  <testcase name="completeSaleAtomicallyWritesInventoryLedgerSnapshotsAuditAndReplaysIdempotently" classname="com.merchtyl.sales.SaleCompletionIntegrationTest" time="0.0">
    <skipped message="disabledWithoutDocker is true and Docker is not available"/>
  </testcase>
</testsuite>