<?xml version="1.0" encoding="UTF-8"?>
<testsuite xmlns:xsi="http://www.w3.org/2001/XMLSchema-instance" xsi:noNamespaceSchemaLocation="https://maven.apache.org/surefire/maven-surefire-plugin/xsd/surefire-test-report-3.0.xsd" version="3.0" name="com.merchtyl.logging.LoggingInfrastructureTest" time="0.031" tests="9" errors="0" skipped="0" failures="0">
  <properties>
[...]
</properties>
  <testcase name="createsCorrelationIdAndCleansMdc" classname="com.merchtyl.logging.LoggingInfrastructureTest" time="0.003">
    <system-out><![CDATA[2026-08-26 21:44:15.458 INFO  [corr=] [req=] [tenant=] [store=] [user=] [userId=] [method=] [uri=] [main] o.s.mock.web.MockServletContext - Initializing Spring TestDispatcherServlet ''
2026-08-26 21:44:15.459 INFO  [corr=] [req=] [tenant=] [store=] [user=] [userId=] [method=] [uri=] [main] o.s.t.w.s.TestDispatcherServlet - Initializing Servlet ''
2026-08-26 21:44:15.459 INFO  [corr=] [req=] [tenant=] [store=] [user=] [userId=] [method=] [uri=] [main] o.s.t.w.s.TestDispatcherServlet - Completed initialization in 0 ms
2026-08-26 21:44:15.459 INFO  [corr=548c34a8-b3bc-469a-8d93-79c441d8b6d4] [req=d73f1d1f-772f-4bfd-88bf-9458b875b46b] [tenant=] [store=] [user=] [userId=] [method=GET] [uri=/logging/ok] [main] c.m.p.web.RequestLoggingFilter - http_request_started method=GET uri=/logging/ok query_params= client_ip=127.0.0.1 user_agent=null authenticated_user= tenant= store= execution_start=2026-08-27T00:44:15.459344Z headers={}
2026-08-26 21:44:15.459 INFO  [corr=548c34a8-b3bc-469a-8d93-79c441d8b6d4] [req=d73f1d1f-772f-4bfd-88bf-9458b875b46b] [tenant=] [store=] [user=] [userId=] [method=GET] [uri=/logging/ok] [main] c.m.p.web.RequestLoggingFilter - http_response_completed status=200 duration_ms=0 response_size=2 controller=TestController.ok uri=/logging/ok correlation_id=548c34a8-b3bc-469a-8d93-79c441d8b6d4
]]></system-out>
  </testcase>
  <testcase name="logsRequestResponseMasksSensitiveDataAndMarksSlowRequests(CapturedOutput)" classname="com.merchtyl.logging.LoggingInfrastructureTest" time="0.008">
    <system-out><![CDATA[2026-08-26 21:44:15.461 INFO  [corr=] [req=] [tenant=] [store=] [user=] [userId=] [method=] [uri=] [main] o.s.mock.web.MockServletContext - Initializing Spring TestDispatcherServlet ''
2026-08-26 21:44:15.462 INFO  [corr=] [req=] [tenant=] [store=] [user=] [userId=] [method=] [uri=] [main] o.s.t.w.s.TestDispatcherServlet - Initializing Servlet ''
2026-08-26 21:44:15.462 INFO  [corr=] [req=] [tenant=] [store=] [user=] [userId=] [method=] [uri=] [main] o.s.t.w.s.TestDispatcherServlet - Completed initialization in 0 ms
2026-08-26 21:44:15.462 INFO  [corr=dfc997e4-10cc-4fa4-b1db-edecc3e4cae9] [req=791fae67-2e38-4382-beff-627291a46aca] [tenant=] [store=] [user=] [userId=] [method=GET] [uri=/logging/slow] [main] c.m.p.web.RequestLoggingFilter - http_request_started method=GET uri=/logging/slow query_params=password=********&page=1 client_ip=127.0.0.1 user_agent=null authenticated_user= tenant= store= execution_start=2026-08-27T00:44:15.462522Z headers={Authorization=********, X-Api-Key=********}
2026-08-26 21:44:15.468 INFO  [corr=dfc997e4-10cc-4fa4-b1db-edecc3e4cae9] [req=791fae67-2e38-4382-beff-627291a46aca] [tenant=] [store=] [user=] [userId=] [method=GET] [uri=/logging/slow] [main] c.m.p.web.RequestLoggingFilter - http_response_completed status=200 duration_ms=5 response_size=4 controller=TestController.slow uri=/logging/slow correlation_id=dfc997e4-10cc-4fa4-b1db-edecc3e4cae9
2026-08-26 21:44:15.468 WARN  [corr=dfc997e4-10cc-4fa4-b1db-edecc3e4cae9] [req=791fae67-2e38-4382-beff-627291a46aca] [tenant=] [store=] [user=] [userId=] [method=GET] [uri=/logging/slow] [main] c.m.p.web.RequestLoggingFilter - SLOW REQUEST duration_ms=5 method=GET uri=/logging/slow controller=TestController.slow
]]></system-out>
  </testcase>
  <testcase name="logsRepositoryFailures(CapturedOutput)" classname="com.merchtyl.logging.LoggingInfrastructureTest" time="0.004">
    <system-out><![CDATA[2026-08-26 21:44:15.471 WARN  [corr=] [req=] [tenant=] [store=] [user=] [userId=] [method=] [uri=] [main] c.m.l.RepositoryFailureLoggingAspect - repository_failure category=constraint_violation repository=AuthorizationService method=save exception_type=org.springframework.dao.DataIntegrityViolationException
]]></system-out>
  </testcase>
  <testcase name="logsAccessDeniedThroughExceptionHandler(CapturedOutput)" classname="com.merchtyl.logging.LoggingInfrastructureTest" time="0.003">
    <system-out><![CDATA[2026-08-26 21:44:15.474 INFO  [corr=] [req=] [tenant=] [store=] [user=] [userId=] [method=] [uri=] [main] o.s.mock.web.MockServletContext - Initializing Spring TestDispatcherServlet ''
2026-08-26 21:44:15.474 INFO  [corr=] [req=] [tenant=] [store=] [user=] [userId=] [method=] [uri=] [main] o.s.t.w.s.TestDispatcherServlet - Initializing Servlet ''
2026-08-26 21:44:15.474 INFO  [corr=] [req=] [tenant=] [store=] [user=] [userId=] [method=] [uri=] [main] o.s.t.w.s.TestDispatcherServlet - Completed initialization in 0 ms
2026-08-26 21:44:15.474 INFO  [corr=corr-denied] [req=192358fb-81e6-4a6c-9933-9cbf2bcace20] [tenant=] [store=] [user=] [userId=] [method=GET] [uri=/logging/denied] [main] c.m.p.web.RequestLoggingFilter - http_request_started method=GET uri=/logging/denied query_params= client_ip=127.0.0.1 user_agent=null authenticated_user= tenant= store= execution_start=2026-08-27T00:44:15.474305Z headers={X-Correlation-ID=corr-denied}
2026-08-26 21:44:15.474 WARN  [corr=corr-denied] [req=192358fb-81e6-4a6c-9933-9cbf2bcace20] [tenant=] [store=] [user=] [userId=] [method=GET] [uri=/logging/denied] [main] c.m.common.GlobalExceptionHandler - authorization_event event=Access Denied user= tenant=null endpoint=/logging/denied method=GET exception_type=org.springframework.security.access.AccessDeniedException
2026-08-26 21:44:15.475 WARN  [corr=corr-denied] [req=192358fb-81e6-4a6c-9933-9cbf2bcace20] [tenant=] [store=] [user=] [userId=] [method=GET] [uri=/logging/denied] [main] c.m.p.web.RequestLoggingFilter - http_response_failure status=403 duration_ms=1 response_size=-1 controller=TestController.denied uri=/logging/denied correlation_id=corr-denied exception_type=forbidden business_error_code=forbidden
]]></system-out>
  </testcase>
  <testcase name="reusesInboundCorrelationId" classname="com.merchtyl.logging.LoggingInfrastructureTest" time="0.002">
    <system-out><![CDATA[2026-08-26 21:44:15.477 INFO  [corr=] [req=] [tenant=] [store=] [user=] [userId=] [method=] [uri=] [main] o.s.mock.web.MockServletContext - Initializing Spring TestDispatcherServlet ''
2026-08-26 21:44:15.477 INFO  [corr=] [req=] [tenant=] [store=] [user=] [userId=] [method=] [uri=] [main] o.s.t.w.s.TestDispatcherServlet - Initializing Servlet ''
2026-08-26 21:44:15.477 INFO  [corr=] [req=] [tenant=] [store=] [user=] [userId=] [method=] [uri=] [main] o.s.t.w.s.TestDispatcherServlet - Completed initialization in 0 ms
2026-08-26 21:44:15.478 INFO  [corr=checkout-123] [req=65254700-6f86-4aa4-85b9-e96ed21f4a1d] [tenant=] [store=] [user=] [userId=] [method=GET] [uri=/logging/ok] [main] c.m.p.web.RequestLoggingFilter - http_request_started method=GET uri=/logging/ok query_params= client_ip=127.0.0.1 user_agent=null authenticated_user= tenant= store= execution_start=2026-08-27T00:44:15.478076Z headers={X-Correlation-ID=checkout-123}
2026-08-26 21:44:15.478 INFO  [corr=checkout-123] [req=65254700-6f86-4aa4-85b9-e96ed21f4a1d] [tenant=] [store=] [user=] [userId=] [method=GET] [uri=/logging/ok] [main] c.m.p.web.RequestLoggingFilter - http_response_completed status=200 duration_ms=0 response_size=2 controller=TestController.ok uri=/logging/ok correlation_id=checkout-123
]]></system-out>
  </testcase>
  <testcase name="masksSensitiveFields" classname="com.merchtyl.logging.LoggingInfrastructureTest" time="0.0"/>
  <testcase name="logsAuthorizationFailures(CapturedOutput)" classname="com.merchtyl.logging.LoggingInfrastructureTest" time="0.0">
    <system-out><![CDATA[2026-08-26 21:44:15.479 WARN  [corr=] [req=] [tenant=] [store=] [user=] [userId=] [method=] [uri=] [main] c.m.l.AuthorizationLoggingAspect - authorization_failure user=cashier@example.test tenant=null permission=SALE_CREATE endpoint=null check=hasPermission
]]></system-out>
  </testcase>
  <testcase name="logsBusinessEventsForAuthenticationMerchantInventoryAndPos(CapturedOutput)" classname="com.merchtyl.logging.LoggingInfrastructureTest" time="0.001">
    <system-out><![CDATA[2026-08-26 21:44:15.480 INFO  [corr=] [req=] [tenant=] [store=] [user=] [userId=] [method=] [uri=] [main] com.merchtyl.audit.AuditService - business_event action=LOGIN_SUCCESS entity_type=USER entity_id=af172d82-8a8a-4131-b402-f3cab9457645 actor_user_id=5c8b5b1a-c56d-4553-a55e-c1765f6ff851 store_id=eae3bf35-39f1-409a-81f0-2131a625946f register_id=4c1e0a2a-8a24-47b7-88cb-b039eba94e34 reason=test event
2026-08-26 21:44:15.480 INFO  [corr=] [req=] [tenant=] [store=] [user=] [userId=] [method=] [uri=] [main] com.merchtyl.audit.AuditService - business_event action=MERCHANT_TENANT_CREATED entity_type=TENANT entity_id=a6ff1872-8e0e-4e8c-ac46-5672d75f9a4c actor_user_id=aef61afd-3b97-4192-b43b-49453266867c store_id=f4ddfdfa-ba6b-4f01-8447-b72dc34f2137 register_id=1fb6c703-a356-41ab-a560-397ebccb6b5b reason=test event
2026-08-26 21:44:15.480 INFO  [corr=] [req=] [tenant=] [store=] [user=] [userId=] [method=] [uri=] [main] com.merchtyl.audit.AuditService - business_event action=PRODUCT_CREATED entity_type=PRODUCT entity_id=a7ffed8e-91f3-4853-b9de-6519e855cc97 actor_user_id=eda33e93-42fd-40b2-8537-b681ee1ffb8e store_id=ce7064fd-23a8-482d-b3a3-defec54c2675 register_id=cfa67f62-7f17-4027-9b0a-31aab4d9d8e5 reason=test event
2026-08-26 21:44:15.480 INFO  [corr=] [req=] [tenant=] [store=] [user=] [userId=] [method=] [uri=] [main] com.merchtyl.audit.AuditService - business_event action=SALE_DRAFT_CREATED entity_type=SALE entity_id=9c88da50-73e3-415f-9581-f4a56c58beed actor_user_id=f66760f1-895f-46a3-a51b-3aea3e84f205 store_id=ae799db0-dabd-4205-9364-84a435de5468 register_id=12e516e7-9373-4265-9e94-3d38ea55f5ad reason=test event
2026-08-26 21:44:15.480 INFO  [corr=] [req=] [tenant=] [store=] [user=] [userId=] [method=] [uri=] [main] com.merchtyl.audit.AuditService - business_event action=SALE_COMPLETED entity_type=SALE entity_id=abb87710-67cf-4c94-8fa9-053d666c066a actor_user_id=2542f15c-3b76-4561-b925-3b0406876922 store_id=d204a1d8-38d8-4123-b5de-972cb902b2f3 register_id=dba35be8-97b8-4c97-8964-c8a9db24c9d9 reason=test event
]]></system-out>
  </testcase>
  <testcase name="logsExceptionWithCorrelationIdAndSanitizedResponse(CapturedOutput)" classname="com.merchtyl.logging.LoggingInfrastructureTest" time="0.006">
    <system-out><![CDATA[2026-08-26 21:44:15.481 INFO  [corr=] [req=] [tenant=] [store=] [user=] [userId=] [method=] [uri=] [main] o.s.mock.web.MockServletContext - Initializing Spring TestDispatcherServlet ''
2026-08-26 21:44:15.481 INFO  [corr=] [req=] [tenant=] [store=] [user=] [userId=] [method=] [uri=] [main] o.s.t.w.s.TestDispatcherServlet - Initializing Servlet ''
2026-08-26 21:44:15.481 INFO  [corr=] [req=] [tenant=] [store=] [user=] [userId=] [method=] [uri=] [main] o.s.t.w.s.TestDispatcherServlet - Completed initialization in 0 ms
2026-08-26 21:44:15.482 INFO  [corr=corr-exception] [req=60394f61-e058-44db-a340-547ec9c855c1] [tenant=] [store=] [user=] [userId=] [method=GET] [uri=/logging/explode] [main] c.m.p.web.RequestLoggingFilter - http_request_started method=GET uri=/logging/explode query_params= client_ip=127.0.0.1 user_agent=null authenticated_user= tenant= store= execution_start=2026-08-27T00:44:15.482043Z headers={X-Correlation-ID=corr-exception}
2026-08-26 21:44:15.485 ERROR [corr=corr-exception] [req=60394f61-e058-44db-a340-547ec9c855c1] [tenant=] [store=] [user=] [userId=] [method=GET] [uri=/logging/explode] [main] c.m.common.GlobalExceptionHandler - Unhandled request failure method=GET path=/logging/explode correlation_id=corr-exception tenant=null store=null user= exception_type=java.lang.IllegalStateException stack_trace=java.lang.IllegalStateException: raw server detail
	at com.merchtyl.logging.LoggingInfrastructureTest$TestController.explode(LoggingInfrastructureTest.java:241)
	at java.base/jdk.internal.reflect.DirectMethodHandleAccessor.invoke(DirectMethodHandleAccessor.java:103)
	at java.base/java.lang.reflect.Method.invoke(Method.java:580)
	at org.springframework.web.method.support.InvocableHandlerMethod.doInvoke(InvocableHandlerMethod.java:255)
	at org.springframework.web.method.support.InvocableHandlerMethod.invokeForRequest(InvocableHandlerMethod.java:188)
	at org.springframework.web.servlet.mvc.method.annotation.ServletInvocableHandlerMethod.invokeAndHandle(ServletInvocableHandlerMethod.java:118)
	at org.springframework.web.servlet.mvc.method.annotation.RequestMappingHandlerAdapter.invokeHandlerMethod(RequestMappingHandlerAdapter.java:926)
	at org.springframework.web.servlet.mvc.method.annotation.RequestMappingHandlerAdapter.handleInternal(RequestMappingHandlerAdapter.java:831)
	at org.springframework.web.servlet.mvc.method.AbstractHandlerMethodAdapter.handle(AbstractHandlerMethodAdapter.java:87)
	at org.springframework.web.servlet.DispatcherServlet.doDispatch(DispatcherServlet.java:1089)
	at org.springframework.web.servlet.DispatcherServlet.doService(DispatcherServlet.java:979)
	at org.springframework.web.servlet.FrameworkServlet.processRequest(FrameworkServlet.java:1014)
	at org.springframework.web.servlet.FrameworkServlet.doGet(FrameworkServlet.java:903)
	at jakarta.servlet.http.HttpServlet.service(HttpServlet.java:564)
	at org.springframework.web.servlet.FrameworkServlet.service(FrameworkServlet.java:885)
	at org.springframework.test.web.servlet.TestDispatcherServlet.service(TestDispatcherServlet.java:72)
	at jakarta.servlet.http.HttpServlet.service(HttpServlet.java:658)
	at org.springframework.mock.web.MockFilterChain$ServletFilterProxy.doFilter(MockFilterChain.java:165)
	at org.springframework.mock.web.MockFilterChain.doFilter(MockFilterChain.java:132)
	at com.merchtyl.platform.web.RequestLoggingFilter.doFilterInternal(RequestLoggingFilter.java:50)
	at org.springframework.web.filter.OncePerRequestFilter.doFilter(OncePerRequestFilter.java:116)
	at org.springframework.mock.web.MockFilterChain.doFilter(MockFilterChain.java:132)
	at com.merchtyl.platform.web.CorrelationIdFilter.doFilterInternal(CorrelationIdFilter.java:38)
	at org.springframework.web.filter.OncePerRequestFilter.doFilter(OncePerRequestFilter.java:116)
	at org.springframework.mock.web.MockFilterChain.doFilter(MockFilterChain.java:132)
	at org.springframework.test.web.servlet.MockMvc.perform(MockMvc.java:201)
	at com.merchtyl.logging.LoggingInfrastructureTest.logsExceptionWithCorrelationIdAndSanitizedResponse(LoggingInfrastructureTest.java:106)
	at java.base/jdk.internal.reflect.DirectMethodHandleAccessor.invoke(DirectMethodHandleAccessor.java:103)
	at java.base/java.lang.reflect.Method.invoke(Method.java:580)
	at org.junit.platform.commons.util.ReflectionUtils.invokeMethod(ReflectionUtils.java:728)
	at org.junit.jupiter.engine.execution.MethodInvocation.proceed(MethodInvocation.java:60)
	at org.junit.jupiter.engine.execution.InvocationInterceptorChain$ValidatingInvocation.proceed(InvocationInterceptorChain.java:131)
	at org.junit.jupiter.engine.extension.TimeoutExtension.intercept(TimeoutExtension.java:156)
	at org.junit.jupiter.engine.extension.TimeoutExtension.interceptTestableMethod(TimeoutExtension.java:147)
	at org.junit.jupiter.engine.extension.TimeoutExtension.interceptTestMethod(TimeoutExtension.java:86)
	at org.junit.jupiter.engine.execution.InterceptingExecutableInvoker$ReflectiveInterceptorCall.lambda$ofVoidMethod$0(InterceptingExecutableInvoker.java:103)
	at org.junit.jupiter.engine.execution.InterceptingExecutableInvoker.lambda$invoke$0(InterceptingExecutableInvoker.java:93)
	at org.junit.jupiter.engine.execution.InvocationInterceptorChain$InterceptedInvocation.proceed(InvocationInterceptorChain.java:106)
	at org.junit.jupiter.engine.execution.InvocationInterceptorChain.proceed(InvocationInterceptorChain.java:64)
	at org.junit.jupiter.engine.execution.InvocationInterceptorChain.chainAndInvoke(InvocationInterceptorChain.java:45)
	at org.junit.jupiter.engine.execution.InvocationInterceptorChain.invoke(InvocationInterceptorChain.java:37)
	at org.junit.jupiter.engine.execution.InterceptingExecutableInvoker.invoke(InterceptingExecutableInvoker.java:92)
	at org.junit.jupiter.engine.execution.InterceptingExecutableInvoker.invoke(InterceptingExecutableInvoker.java:86)
	at org.junit.jupiter.engine.descriptor.TestMethodTestDescriptor.lambda$invokeTestMethod$7(TestMethodTestDescriptor.java:218)
	at org.junit.platform.engine.support.hierarchical.ThrowableCollector.execute(ThrowableCollector.java:73)
	at org.junit.jupiter.engine.descriptor.TestMethodTestDescriptor.invokeTestMethod(TestMethodTestDescriptor.java:214)
	at org.junit.jupiter.engine.descriptor.TestMethodTestDescriptor.execute(TestMethodTestDescriptor.java:139)
	at org.junit.jupiter.engine.descriptor.TestMethodTestDescriptor.execute(TestMethodTestDescriptor.java:69)
	at org.junit.platform.engine.support.hierarchical.NodeTestTask.lambda$executeRecursively$6(NodeTestTask.java:156)
	at org.junit.platform.engine.support.hierarchical.ThrowableCollector.execute(ThrowableCollector.java:73)
	at org.junit.platform.engine.support.hierarchical.NodeTestTask.lambda$executeRecursively$8(NodeTestTask.java:146)
	at org.junit.platform.engine.support.hierarchical.Node.around(Node.java:137)
	at org.junit.platform.engine.support.hierarchical.NodeTestTask.lambda$executeRecursively$9(NodeTestTask.java:144)
	at org.junit.platform.engine.support.hierarchical.ThrowableCollector.execute(ThrowableCollector.java:73)
	at org.junit.platform.engine.support.hierarchical.NodeTestTask.executeRecursively(NodeTestTask.java:143)
	at org.junit.platform.engine.support.hierarchical.NodeTestTask.execute(NodeTestTask.java:100)
	at java.base/java.util.ArrayList.forEach(ArrayList.java:1596)
	at org.junit.platform.engine.support.hierarchical.SameThreadHierarchicalTestExecutorService.invokeAll(SameThreadHierarchicalTestExecutorService.java:41)
	at org.junit.platform.engine.support.hierarchical.NodeTestTask.lambda$executeRecursively$6(NodeTestTask.java:160)
	at org.junit.platform.engine.support.hierarchical.ThrowableCollector.execute(ThrowableCollector.java:73)
	at org.junit.platform.engine.support.hierarchical.NodeTestTask.lambda$executeRecursively$8(NodeTestTask.java:146)
	at org.junit.platform.engine.support.hierarchical.Node.around(Node.java:137)
	at org.junit.platform.engine.support.hierarchical.NodeTestTask.lambda$executeRecursively$9(NodeTestTask.java:144)
	at org.junit.platform.engine.support.hierarchical.ThrowableCollector.execute(ThrowableCollector.java:73)
	at org.junit.platform.engine.support.hierarchical.NodeTestTask.executeRecursively(NodeTestTask.java:143)
	at org.junit.platform.engine.support.hierarchical.NodeTestTask.execute(NodeTestTask.java:100)
	at java.base/java.util.ArrayList.forEach(ArrayList.java:1596)
	at org.junit.platform.engine.support.hierarchical.SameThreadHierarchicalTestExecutorService.invokeAll(SameThreadHierarchicalTestExecutorService.java:41)
	at org.junit.platform.engine.support.hierarchical.NodeTestTask.lambda$executeRecursively$6(NodeTestTask.java:160)
	at org.junit.platform.engine.support.hierarchical.ThrowableCollector.execute(ThrowableCollector.java:73)
	at org.junit.platform.engine.support.hierarchical.NodeTestTask.lambda$executeRecursively$8(NodeTestTask.java:146)
	at org.junit.platform.engine.support.hierarchical.Node.around(Node.java:137)
	at org.junit.platform.engine.support.hierarchical.NodeTestTask.lambda$executeRecursively$9(NodeTestTask.java:144)
	at org.junit.platform.engine.support.hierarchical.ThrowableCollector.execute(ThrowableCollector.java:73)
	at org.junit.platform.engine.support.hierarchical.NodeTestTask.executeRecursively(NodeTestTask.java:143)
	at org.junit.platform.engine.support.hierarchical.NodeTestTask.execute(NodeTestTask.java:100)
	at org.junit.platform.engine.support.hierarchical.SameThreadHierarchicalTestExecutorService.submit(SameThreadHierarchicalTestExecutorService.java:35)
	at org.junit.platform.engine.support.hierarchical.HierarchicalTestExecutor.execute(HierarchicalTestExecutor.java:57)
	at org.junit.platform.engine.support.hierarchical.HierarchicalTestEngine.execute(HierarchicalTestEngine.java:54)
	at org.junit.platform.launcher.core.EngineExecutionOrchestrator.execute(EngineExecutionOrchestrator.java:198)
	at org.junit.platform.launcher.core.EngineExecutionOrchestrator.execute(EngineExecutionOrchestrator.java:169)
	at org.junit.platform.launcher.core.EngineExecutionOrchestrator.execute(EngineExecutionOrchestrator.java:93)
	at org.junit.platform.launcher.core.EngineExecutionOrchestrator.lambda$execute$0(EngineExecutionOrchestrator.java:58)
	at org.junit.platform.launcher.core.EngineExecutionOrchestrator.withInterceptedStreams(EngineExecutionOrchestrator.java:141)
	at org.junit.platform.launcher.core.EngineExecutionOrchestrator.execute(EngineExecutionOrchestrator.java:57)
	at org.junit.platform.launcher.core.DefaultLauncher.execute(DefaultLauncher.java:103)
	at org.junit.platform.launcher.core.DefaultLauncher.execute(DefaultLauncher.java:85)
	at org.junit.platform.launcher.core.DelegatingLauncher.execute(DelegatingLauncher.java:47)
	at org.apache.maven.surefire.junitplatform.LazyLauncher.execute(LazyLauncher.java:56)
	at org.apache.maven.surefire.junitplatform.JUnitPlatformProvider.execute(JUnitPlatformProvider.java:184)
	at org.apache.maven.surefire.junitplatform.JUnitPlatformProvider.invokeAllTests(JUnitPlatformProvider.java:148)
	at org.apache.maven.surefire.junitplatform.JUnitPlatformProvider.invoke(JUnitPlatformProvider.java:122)
	at org.apache.maven.surefire.booter.ForkedBooter.runSuitesInProcess(ForkedBooter.java:385)
	at org.apache.maven.surefire.booter.ForkedBooter.execute(ForkedBooter.java:162)
	at org.apache.maven.surefire.booter.ForkedBooter.run(ForkedBooter.java:507)
	at org.apache.maven.surefire.booter.ForkedBooter.main(ForkedBooter.java:495)

2026-08-26 21:44:15.486 ERROR [corr=corr-exception] [req=60394f61-e058-44db-a340-547ec9c855c1] [tenant=] [store=] [user=] [userId=] [method=GET] [uri=/logging/explode] [main] c.m.p.web.RequestLoggingFilter - http_response_failure status=500 duration_ms=4 response_size=-1 controller=TestController.explode uri=/logging/explode correlation_id=corr-exception exception_type=server_error business_error_code=internal_error
]]></system-out>
  </testcase>
</testsuite>